<?xml version="1.0" encoding="UTF-8"?>
<testsuite name="es.jurgil.geocities.GeocitiesApplicationTests" tests="1" skipped="0" failures="0" errors="0" timestamp="2018-12-22T18:59:37" hostname="Johnys-MBP.home" time="0.329">
  <properties/>
  <testcase name="contextLoads" classname="es.jurgil.geocities.GeocitiesApplicationTests" time="0.329"/>
  <system-out><![CDATA[13:59:35.136 [Test worker] DEBUG org.springframework.test.context.junit4.SpringJUnit4ClassRunner - SpringJUnit4ClassRunner constructor called with [class es.jurgil.geocities.GeocitiesApplicationTests]
13:59:35.143 [Test worker] DEBUG org.springframework.test.context.BootstrapUtils - Instantiating CacheAwareContextLoaderDelegate from class [org.springframework.test.context.cache.DefaultCacheAwareContextLoaderDelegate]
13:59:35.150 [Test worker] DEBUG org.springframework.test.context.BootstrapUtils - Instantiating BootstrapContext using constructor [public org.springframework.test.context.support.DefaultBootstrapContext(java.lang.Class,org.springframework.test.context.CacheAwareContextLoaderDelegate)]
13:59:35.171 [Test worker] DEBUG org.springframework.test.context.BootstrapUtils - Instantiating TestContextBootstrapper for test class [es.jurgil.geocities.GeocitiesApplicationTests] from class [org.springframework.boot.test.context.SpringBootTestContextBootstrapper]
13:59:35.179 [Test worker] INFO org.springframework.boot.test.context.SpringBootTestContextBootstrapper - Neither @ContextConfiguration nor @ContextHierarchy found for test class [es.jurgil.geocities.GeocitiesApplicationTests], using SpringBootContextLoader
13:59:35.182 [Test worker] DEBUG org.springframework.test.context.support.AbstractContextLoader - Did not detect default resource location for test class [es.jurgil.geocities.GeocitiesApplicationTests]: class path resource [es/jurgil/geocities/GeocitiesApplicationTests-context.xml] does not exist
13:59:35.182 [Test worker] DEBUG org.springframework.test.context.support.AbstractContextLoader - Did not detect default resource location for test class [es.jurgil.geocities.GeocitiesApplicationTests]: class path resource [es/jurgil/geocities/GeocitiesApplicationTestsContext.groovy] does not exist
13:59:35.182 [Test worker] INFO org.springframework.test.context.support.AbstractContextLoader - Could not detect default resource locations for test class [es.jurgil.geocities.GeocitiesApplicationTests]: no resource found for suffixes {-context.xml, Context.groovy}.
13:59:35.183 [Test worker] INFO org.springframework.test.context.support.AnnotationConfigContextLoaderUtils - Could not detect default configuration classes for test class [es.jurgil.geocities.GeocitiesApplicationTests]: GeocitiesApplicationTests does not declare any static, non-private, non-final, nested classes annotated with @Configuration.
13:59:35.213 [Test worker] DEBUG org.springframework.test.context.support.ActiveProfilesUtils - Could not find an 'annotation declaring class' for annotation type [org.springframework.test.context.ActiveProfiles] and class [es.jurgil.geocities.GeocitiesApplicationTests]
13:59:35.260 [Test worker] DEBUG org.springframework.context.annotation.ClassPathScanningCandidateComponentProvider - Identified candidate component class: file [/Users/jurgiles/Development/geocities/v2/build/classes/kotlin/main/es/jurgil/geocities/GeocitiesApplication.class]
13:59:35.262 [Test worker] INFO org.springframework.boot.test.context.SpringBootTestContextBootstrapper - Found @SpringBootConfiguration es.jurgil.geocities.GeocitiesApplication for test class es.jurgil.geocities.GeocitiesApplicationTests
13:59:35.324 [Test worker] DEBUG org.springframework.boot.test.context.SpringBootTestContextBootstrapper - @TestExecutionListeners is not present for class [es.jurgil.geocities.GeocitiesApplicationTests]: using defaults.
13:59:35.324 [Test worker] INFO org.springframework.boot.test.context.SpringBootTestContextBootstrapper - Loaded default TestExecutionListener class names from location [META-INF/spring.factories]: [org.springframework.boot.test.autoconfigure.restdocs.RestDocsTestExecutionListener, org.springframework.boot.test.autoconfigure.web.client.MockRestServiceServerResetTestExecutionListener, org.springframework.boot.test.autoconfigure.web.servlet.MockMvcPrintOnlyOnFailureTestExecutionListener, org.springframework.boot.test.autoconfigure.web.servlet.WebDriverTestExecutionListener, org.springframework.boot.test.mock.mockito.MockitoTestExecutionListener, org.springframework.boot.test.mock.mockito.ResetMocksTestExecutionListener, org.springframework.test.context.web.ServletTestExecutionListener, org.springframework.test.context.support.DirtiesContextBeforeModesTestExecutionListener, org.springframework.test.context.support.DependencyInjectionTestExecutionListener, org.springframework.test.context.support.DirtiesContextTestExecutionListener, org.springframework.test.context.transaction.TransactionalTestExecutionListener, org.springframework.test.context.jdbc.SqlScriptsTestExecutionListener]
13:59:35.331 [Test worker] DEBUG org.springframework.boot.test.context.SpringBootTestContextBootstrapper - Skipping candidate TestExecutionListener [org.springframework.test.context.transaction.TransactionalTestExecutionListener] due to a missing dependency. Specify custom listener classes or make the default listener classes and their required dependencies available. Offending class: [org/springframework/transaction/interceptor/TransactionAttributeSource]
13:59:35.332 [Test worker] DEBUG org.springframework.boot.test.context.SpringBootTestContextBootstrapper - Skipping candidate TestExecutionListener [org.springframework.test.context.jdbc.SqlScriptsTestExecutionListener] due to a missing dependency. Specify custom listener classes or make the default listener classes and their required dependencies available. Offending class: [org/springframework/transaction/interceptor/TransactionAttribute]
13:59:35.332 [Test worker] INFO org.springframework.boot.test.context.SpringBootTestContextBootstrapper - Using TestExecutionListeners: [org.springframework.test.context.web.ServletTestExecutionListener@b5fcb10, org.springframework.test.context.support.DirtiesContextBeforeModesTestExecutionListener@3bb4f4c7, org.springframework.boot.test.mock.mockito.MockitoTestExecutionListener@2953b9ed, org.springframework.boot.test.autoconfigure.SpringBootDependencyInjectionTestExecutionListener@10c5d2cf, org.springframework.test.context.support.DirtiesContextTestExecutionListener@65b79c8c, org.springframework.boot.test.autoconfigure.restdocs.RestDocsTestExecutionListener@79394e31, org.springframework.boot.test.autoconfigure.web.client.MockRestServiceServerResetTestExecutionListener@4d911c2a, org.springframework.boot.test.autoconfigure.web.servlet.MockMvcPrintOnlyOnFailureTestExecutionListener@73fcfcfd, org.springframework.boot.test.autoconfigure.web.servlet.WebDriverTestExecutionListener@2a764df2, org.springframework.boot.test.mock.mockito.ResetMocksTestExecutionListener@190dc64b]
13:59:35.334 [Test worker] DEBUG org.springframework.test.annotation.ProfileValueUtils - Retrieved @ProfileValueSourceConfiguration [null] for test class [es.jurgil.geocities.GeocitiesApplicationTests]
13:59:35.335 [Test worker] DEBUG org.springframework.test.annotation.ProfileValueUtils - Retrieved ProfileValueSource type [class org.springframework.test.annotation.SystemProfileValueSource] for class [es.jurgil.geocities.GeocitiesApplicationTests]
13:59:35.335 [Test worker] DEBUG org.springframework.test.annotation.ProfileValueUtils - Retrieved @ProfileValueSourceConfiguration [null] for test class [es.jurgil.geocities.GeocitiesApplicationTests]
13:59:35.335 [Test worker] DEBUG org.springframework.test.annotation.ProfileValueUtils - Retrieved ProfileValueSource type [class org.springframework.test.annotation.SystemProfileValueSource] for class [es.jurgil.geocities.GeocitiesApplicationTests]
13:59:35.339 [Test worker] DEBUG org.springframework.test.context.support.AbstractDirtiesContextTestExecutionListener - Before test class: context [DefaultTestContext@895ecd6 testClass = GeocitiesApplicationTests, testInstance = [null], testMethod = [null], testException = [null], mergedContextConfiguration = [WebMergedContextConfiguration@20928a1d testClass = GeocitiesApplicationTests, locations = '{}', classes = '{class es.jurgil.geocities.GeocitiesApplication}', contextInitializerClasses = '[]', activeProfiles = '{}', propertySourceLocations = '{}', propertySourceProperties = '{org.springframework.boot.test.context.SpringBootTestContextBootstrapper=true}', contextCustomizers = set[org.springframework.boot.test.autoconfigure.properties.PropertyMappingContextCustomizer@0, org.springframework.boot.test.autoconfigure.web.servlet.WebDriverContextCustomizerFactory$Customizer@24670061, org.springframework.boot.test.context.filter.ExcludeFilterContextCustomizer@76f7cc75, org.springframework.boot.test.json.DuplicateJsonObjectContextCustomizerFactory$DuplicateJsonObjectContextCustomizer@6ade56, org.springframework.boot.test.mock.mockito.MockitoContextCustomizer@0, org.springframework.boot.test.web.client.TestRestTemplateContextCustomizer@4da81fce], resourceBasePath = 'src/main/webapp', contextLoader = 'org.springframework.boot.test.context.SpringBootContextLoader', parent = [null]], attributes = map['org.springframework.test.context.web.ServletTestExecutionListener.activateListener' -> true]], class annotated with @DirtiesContext [false] with mode [null].
13:59:35.340 [Test worker] DEBUG org.springframework.test.annotation.ProfileValueUtils - Retrieved @ProfileValueSourceConfiguration [null] for test class [es.jurgil.geocities.GeocitiesApplicationTests]
13:59:35.340 [Test worker] DEBUG org.springframework.test.annotation.ProfileValueUtils - Retrieved ProfileValueSource type [class org.springframework.test.annotation.SystemProfileValueSource] for class [es.jurgil.geocities.GeocitiesApplicationTests]
13:59:35.356 [Test worker] DEBUG org.springframework.test.context.support.TestPropertySourceUtils - Adding inlined properties to environment: {spring.jmx.enabled=false, org.springframework.boot.test.context.SpringBootTestContextBootstrapper=true, server.port=-1}

  .   ____          _            __ _ _
 /\\ / ___'_ __ _ _(_)_ __  __ _ \ \ \ \
( ( )\___ | '_ | '_| | '_ \/ _` | \ \ \ \
 \\/  ___)| |_)| | | | | || (_| |  ) ) ) )
  '  |____| .__|_| |_|_| |_\__, | / / / /
 =========|_|==============|___/=/_/_/_/
 :: Spring Boot ::  (v2.2.0.BUILD-SNAPSHOT)

2018-12-22 13:59:35.587  INFO 19968 --- [    Test worker] e.j.geocities.GeocitiesApplicationTests  : Starting GeocitiesApplicationTests on Johnys-MBP.home with PID 19968 (started by jurgiles in /Users/jurgiles/Development/geocities/v2)
2018-12-22 13:59:35.588  INFO 19968 --- [    Test worker] e.j.geocities.GeocitiesApplicationTests  : No active profile set, falling back to default profiles: default
2018-12-22 13:59:35.796  WARN 19968 --- [kground-preinit] o.s.h.c.j.Jackson2ObjectMapperBuilder    : For Jackson Kotlin classes support please add "com.fasterxml.jackson.module:jackson-module-kotlin" to the classpath
2018-12-22 13:59:36.794  INFO 19968 --- [    Test worker] o.s.s.concurrent.ThreadPoolTaskExecutor  : Initializing ExecutorService 'applicationTaskExecutor'
2018-12-22 13:59:37.021  INFO 19968 --- [    Test worker] e.j.geocities.GeocitiesApplicationTests  : Started GeocitiesApplicationTests in 1.657 seconds (JVM running for 2.437)
]]></system-out>
  <system-err><![CDATA[]]></system-err>
</testsuite>
